a;-;0.0;w:ur,w:ul,s:dl,w:dr,s:ur,n:ur,n:dl,n:l
a;-;0.0;w:dl,w:ur,w:ur,s:ur
a;-;0.0;w:ul,s:dr,n:ur,w:dr,s:ur
a;-;0.0;w:ul,w:dl,w:ur,w:ur,s:ur,s:ur
a;-;0.0;w:ul,n:dl,s:dr,w:dr
a;-;0.0;w:ul,w:dl,s:ur,w:ur,s:dl,w:ur,n:l
a;-;0.0;w:ul,s:dl,n:dl,n:dl,n:l
a;-;0.0;w:ul,s:dl,w:dl,s:dr,w:ur,w:dl,s:ur,n:l
a;-;0.0;s:dl,s:dl,s:dr,s:ur,s:dl,s:dr,s:ur
a;-;0.0;w:ul,w:dl,s:dl,w:dr,w:dr
a;-;0.0;s:ul,s:dl,s:dl,s:dr,l:ur,s:ur,s:dl,s:dr,s:ur
a;-;0.0;w:ul,w:dl,l:ur,s:ur,s:dl,s:dr,s:ur
a;-;0.0;w:ul,w:dl,s:ur,s:ur,s:dl,w:dl,s:ur,s:ur
a;-;0.0;s:ul,s:ul,s:dl,s:dl,s:dr,w:ur,s:ur,s:dl,s:ur
a;-;0.0;w:ul,s:dl,s:ur,s:ur,s:ur,s:dl,s:dr,s:ur
a;-;0.0;w:ul,w:dl,s:dr,l:ur,n:ul,s:ur,s:ur
a;-;0.0;w:ul,l:dl,s:ur,s:ur,s:ur,s:dl,s:ur,s:ur
a;-;0.0;w:ul,w:dl,s:ur,n:ur,n:ur
a;-;0.0;w:ul,s:dl,w:dl,s:ur,w:ur,s:ur,s:ur
a;-;0.0;w:ur,s:dl,s:dr,w:dr,s:ur,n:ur,n:ur
a;-;0.0;s:ur,s:ul,s:dl,s:dl,w:dr,w:ur,n:ul,s:ur,s:ur
a;-;0.0;w:ul,s:dr,s:dr,s:ur,s:ur,s:dl,s:dr,s:ur,s:ur
a;-;0.0;s:ul,s:dl,s:dl,w:dr,n:ur,s:ur,s:ur
a;-;0.0;w:dl,w:dr,s:ur,n:ur,s:dr,s:dr
b;-;0.0;s:ur,s:ur,s:ur,n:ul,l:dl,s:dr,s:ur,s:ur,s:dr,s:ur,s:ur
b;-;0.0;s:ur,w:ur,s:ul,s:dl,l:dl,w:dr,s:ur,n:ur,s:ur
b;-;0.0;s:ur,s:ur,s:ur,n:ul,l:dl,s:dr,s:ur,s:ur,s:dl,s:ur,s:ur
b;-;0.0;s:dr,s:ur,s:ur,s:ur,s:dl,s:dl,l:dl,s:dr,s:ur,s:ur,s:dr,s:ur,s:ur
b;-;0.0;w:ur,s:dl,s:dl,s:dl,s:dr,s:ur,s:ur,s:dr,s:dr
b;-;0.0;l:ur,s:ur,s:ul,l:dl,w:dr,s:ur,n:ur,n:ur
b;-;0.0;l:ur,s:ur,s:dl,l:dl,s:dl,w:dr,s:ur,s:dr,s:dr,s:dr
b;-;0.0;s:ur,l:ur,s:ul,l:dl,s:dl,s:ur,l:ur,s:dl,s:dr,s:ur
